<?xml version="1.0" encoding="UTF-8"?>
<testng-results ignored="0" total="1" passed="1" failed="0" skipped="0">
  <reporter-output>
  </reporter-output>
  <suite started-at="2024-08-22T03:31:53 PDT" name="Default suite" finished-at="2024-08-22T03:31:59 PDT" duration-ms="5703">
    <groups>
    </groups>
    <test started-at="2024-08-22T03:31:53 PDT" name="Default test" finished-at="2024-08-22T03:31:59 PDT" duration-ms="5703">
      <class name="com.HandlingAlerts.AlertUserPassword">
        <test-method signature="TestPopups()[pri:0, instance:com.HandlingAlerts.AlertUserPassword@1afd44cb]" started-at="2024-08-22T03:31:53 PDT" name="TestPopups" finished-at="2024-08-22T03:31:59 PDT" duration-ms="5634" status="PASS">
          <reporter-output>
          </reporter-output>
        </test-method> <!-- TestPopups -->
      </class> <!-- com.HandlingAlerts.AlertUserPassword -->
    </test> <!-- Default test -->
  </suite> <!-- Default suite -->
</testng-results>
